[2m13:23:51[22m [34m[content][39m Syncing content
[2m13:23:51[22m [34m[content][39m Synced content
[2m13:23:51[22m [34m[types][39m Generated [2m480ms[22m
[2m13:23:51[22m [34m[build][39m output: [34m"server"[39m
[2m13:23:51[22m [34m[build][39m mode: [34m"server"[39m
[2m13:23:51[22m [34m[build][39m directory: [34mC:\ArchitecturePortfolio\Sriman-Architecture-Portfolio\dist\[39m
[2m13:23:51[22m [34m[build][39m adapter: [32m@astrojs/vercel[39m
[2m13:23:51[22m [34m[build][39m Collecting build info...
[2m13:23:51[22m [34m[build][39m [32mΓ£ô Completed in 513ms.[39m
[2m13:23:51[22m [34m[build][39m Building server entrypoints...
13:23:52 [ERROR] [vite] Γ£ù Build failed in 939ms
Expected "}" but found ":"
  Location:
    C:/ArchitecturePortfolio/Sriman-Architecture-Portfolio/src/pages/accelerators/mulesoft-observability-contract.astro:42:13
  Stack trace:
    at failureErrorWithLog (C:\ArchitecturePortfolio\Sriman-Architecture-Portfolio\node_modules\vite\node_modules\esbuild\lib\main.js:1467:15)
    at responseCallbacks.<computed> (C:\ArchitecturePortfolio\Sriman-Architecture-Portfolio\node_modules\vite\node_modules\esbuild\lib\main.js:603:9)
    at Socket.readFromStdout (C:\ArchitecturePortfolio\Sriman-Architecture-Portfolio\node_modules\vite\node_modules\esbuild\lib\main.js:581:7)
    at addChunk (node:internal/streams/readable:559:12)
    at Readable.push (node:internal/streams/readable:390:5)
